<?xml version="1.0" encoding="UTF-8"?>
<testng-results skipped="0" failed="1" total="5" passed="4">
  <reporter-output>
  </reporter-output>
  <suite name="Default suite" duration-ms="17227" started-at="2015-01-04T08:33:31Z" finished-at="2015-01-04T08:33:49Z">
    <groups>
    </groups>
    <test name="Default test" duration-ms="17227" started-at="2015-01-04T08:33:31Z" finished-at="2015-01-04T08:33:49Z">
      <class name="com.asda.groceries.testngscripts.Test_login_user">
        <test-method status="PASS" signature="setup()[pri:0, instance:com.asda.groceries.testngscripts.Test_login_user@87c06e0]" name="setup" is-config="true" duration-ms="10543" started-at="2015-01-04T14:03:21Z" finished-at="2015-01-04T14:03:31Z">
          <reporter-output>
          </reporter-output>
        </test-method> <!-- setup -->
        <test-method status="PASS" signature="test_setup()[pri:0, instance:com.asda.groceries.testngscripts.Test_login_user@87c06e0]" name="test_setup" is-config="true" duration-ms="13716" started-at="2015-01-04T14:03:31Z" finished-at="2015-01-04T14:03:45Z">
          <reporter-output>
          </reporter-output>
        </test-method> <!-- test_setup -->
        <test-method status="FAIL" signature="login_test()[pri:0, instance:com.asda.groceries.testngscripts.Test_login_user@87c06e0]" name="login_test" duration-ms="3446" started-at="2015-01-04T14:03:45Z" finished-at="2015-01-04T14:03:48Z">
          <exception class="junit.framework.ComparisonFailure">
            <message>
              <![CDATA[expected:<tru...> but was:<fals...>]]>
            </message>
            <full-stacktrace>
              <![CDATA[junit.framework.ComparisonFailure: expected:<tru...> but was:<fals...>
	at junit.framework.Assert.assertEquals(Assert.java:81)
	at junit.framework.Assert.assertEquals(Assert.java:87)
	at com.asda.groceries.testngscripts.Test_login_user.login_test(Test_login_user.java:54)
	at sun.reflect.NativeMethodAccessorImpl.invoke0(Native Method)
	at sun.reflect.NativeMethodAccessorImpl.invoke(Unknown Source)
	at sun.reflect.DelegatingMethodAccessorImpl.invoke(Unknown Source)
	at java.lang.reflect.Method.invoke(Unknown Source)
	at org.testng.internal.MethodInvocationHelper.invokeMethod(MethodInvocationHelper.java:84)
	at org.testng.internal.Invoker.invokeMethod(Invoker.java:714)
	at org.testng.internal.Invoker.invokeTestMethod(Invoker.java:901)
	at org.testng.internal.Invoker.invokeTestMethods(Invoker.java:1231)
	at org.testng.internal.TestMethodWorker.invokeTestMethods(TestMethodWorker.java:127)
	at org.testng.internal.TestMethodWorker.run(TestMethodWorker.java:111)
	at org.testng.TestRunner.privateRun(TestRunner.java:767)
	at org.testng.TestRunner.run(TestRunner.java:617)
	at org.testng.SuiteRunner.runTest(SuiteRunner.java:334)
	at org.testng.SuiteRunner.runSequentially(SuiteRunner.java:329)
	at org.testng.SuiteRunner.privateRun(SuiteRunner.java:291)
	at org.testng.SuiteRunner.run(SuiteRunner.java:240)
	at org.testng.SuiteRunnerWorker.runSuite(SuiteRunnerWorker.java:52)
	at org.testng.SuiteRunnerWorker.run(SuiteRunnerWorker.java:86)
	at org.testng.TestNG.runSuitesSequentially(TestNG.java:1224)
	at org.testng.TestNG.runSuitesLocally(TestNG.java:1149)
	at org.testng.TestNG.run(TestNG.java:1057)
	at org.testng.remote.RemoteTestNG.run(RemoteTestNG.java:111)
	at org.testng.remote.RemoteTestNG.initAndRun(RemoteTestNG.java:204)
	at org.testng.remote.RemoteTestNG.main(RemoteTestNG.java:175)
]]>
            </full-stacktrace>
          </exception> <!-- junit.framework.ComparisonFailure -->
          <reporter-output>
          </reporter-output>
        </test-method> <!-- login_test -->
        <test-method status="PASS" signature="test1()[pri:0, instance:com.asda.groceries.testngscripts.Test_login_user@87c06e0]" name="test1" duration-ms="21" started-at="2015-01-04T14:03:48Z" finished-at="2015-01-04T14:03:48Z">
          <reporter-output>
          </reporter-output>
        </test-method> <!-- test1 -->
        <test-method status="PASS" signature="test2()[pri:0, instance:com.asda.groceries.testngscripts.Test_login_user@87c06e0]" name="test2" duration-ms="2" started-at="2015-01-04T14:03:48Z" finished-at="2015-01-04T14:03:48Z">
          <reporter-output>
          </reporter-output>
        </test-method> <!-- test2 -->
        <test-method status="PASS" signature="test3()[pri:0, instance:com.asda.groceries.testngscripts.Test_login_user@87c06e0]" name="test3" duration-ms="2" started-at="2015-01-04T14:03:48Z" finished-at="2015-01-04T14:03:49Z">
          <reporter-output>
          </reporter-output>
        </test-method> <!-- test3 -->
        <test-method status="PASS" signature="test4()[pri:0, instance:com.asda.groceries.testngscripts.Test_login_user@87c06e0]" name="test4" duration-ms="2" started-at="2015-01-04T14:03:49Z" finished-at="2015-01-04T14:03:49Z">
          <reporter-output>
          </reporter-output>
        </test-method> <!-- test4 -->
        <test-method status="PASS" signature="unset()[pri:0, instance:com.asda.groceries.testngscripts.Test_login_user@87c06e0]" name="unset" is-config="true" duration-ms="3040" started-at="2015-01-04T14:03:49Z" finished-at="2015-01-04T14:03:52Z">
          <reporter-output>
          </reporter-output>
        </test-method> <!-- unset -->
      </class> <!-- com.asda.groceries.testngscripts.Test_login_user -->
    </test> <!-- Default test -->
  </suite> <!-- Default suite -->
</testng-results>
