<?xml version="1.0" encoding="UTF-8"?>
<testng-results skipped="0" failed="0" total="1" passed="1">
  <reporter-output>
  </reporter-output>
  <suite name="Default suite" duration-ms="19671" started-at="2015-01-02T14:00:20Z" finished-at="2015-01-02T14:00:40Z">
    <groups>
    </groups>
    <test name="Default test" duration-ms="19671" started-at="2015-01-02T14:00:20Z" finished-at="2015-01-02T14:00:40Z">
      <class name="com.asda.groceries.testngscripts.Test_login_user">
        <test-method status="PASS" signature="setup()[pri:0, instance:com.asda.groceries.testngscripts.Test_login_user@77a172dc]" name="setup" is-config="true" duration-ms="41314" started-at="2015-01-02T19:29:39Z" finished-at="2015-01-02T19:30:20Z">
          <reporter-output>
          </reporter-output>
        </test-method> <!-- setup -->
        <test-method status="PASS" signature="test_setup()[pri:0, instance:com.asda.groceries.testngscripts.Test_login_user@77a172dc]" name="test_setup" is-config="true" duration-ms="6999" started-at="2015-01-02T19:30:20Z" finished-at="2015-01-02T19:30:27Z">
          <reporter-output>
          </reporter-output>
        </test-method> <!-- test_setup -->
        <test-method status="PASS" signature="login_test()[pri:0, instance:com.asda.groceries.testngscripts.Test_login_user@77a172dc]" name="login_test" duration-ms="12619" started-at="2015-01-02T19:30:27Z" finished-at="2015-01-02T19:30:40Z">
          <reporter-output>
          </reporter-output>
        </test-method> <!-- login_test -->
        <test-method status="PASS" signature="unset()[pri:0, instance:com.asda.groceries.testngscripts.Test_login_user@77a172dc]" name="unset" is-config="true" duration-ms="2458" started-at="2015-01-02T19:30:40Z" finished-at="2015-01-02T19:30:42Z">
          <reporter-output>
          </reporter-output>
        </test-method> <!-- unset -->
      </class> <!-- com.asda.groceries.testngscripts.Test_login_user -->
    </test> <!-- Default test -->
  </suite> <!-- Default suite -->
</testng-results>
